<?xml version="1.0" encoding="UTF-8"?>
<!-- Generated by org.testng.reporters.JUnitReportReporter -->
<testsuite hostname="Windows-PC" name="testScripts.HMSCreateAdmission" tests="1" failures="0" timestamp="19 Sep 2019 09:56:47 GMT" time="12.005" errors="0">
  <testcase name="f" time="12.005" classname="testScripts.HMSCreateAdmission"/>
</testsuite> <!-- testScripts.HMSCreateAdmission -->
