<?xml version="1.0" encoding="UTF-8"?>
<!-- Generated by org.testng.reporters.JUnitReportReporter -->
<testsuite hostname="Windows-PC" name="testScripts.HMSCreatePatient" tests="1" failures="0" timestamp="23 Sep 2019 10:08:30 GMT" time="18.452" errors="0">
  <testcase name="f" time="18.452" classname="testScripts.HMSCreatePatient"/>
</testsuite> <!-- testScripts.HMSCreatePatient -->
